<?xml version="1.0" encoding="UTF-8"?>
<!-- Generated by org.testng.reporters.JUnitReportReporter -->
<testsuite hostname="My_laptop" name="musor" tests="1" failures="0" timestamp="8 May 2016 06:59:42 GMT" time="33.269" errors="0">
  <testcase name="HomePage" time="33.269" classname="musor"/>
</testsuite> <!-- musor -->
