<?xml version="1.0" encoding="UTF-8"?>
<!-- Generated by org.testng.reporters.JUnitReportReporter -->
<testsuite hostname="My_laptop" name="com.emailcheking.MailTest" tests="1" failures="0" timestamp="9 May 2016 12:56:03 GMT" time="45.530" errors="0">
  <testcase name="checkMailTest" time="45.530" classname="com.emailcheking.MailTest"/>
</testsuite> <!-- com.emailcheking.MailTest -->
